<?xml version="1.0" encoding="UTF-8"?>
<testsuite xmlns:xsi="http://www.w3.org/2001/XMLSchema-instance" xsi:noNamespaceSchemaLocation="https://maven.apache.org/surefire/maven-surefire-plugin/xsd/surefire-test-report.xsd" version="3.0.2" name="com.example.springbootfirst.SpringbootfirstApplicationTests" time="7.233" tests="1" errors="0" skipped="0" failures="0">
  <properties>
[...]
</properties>
  <testcase name="contextLoads" classname="com.example.springbootfirst.SpringbootfirstApplicationTests" time="0.425">
    <system-out><![CDATA[21:25:29.657 [main] INFO org.springframework.test.context.support.AnnotationConfigContextLoaderUtils -- Could not detect default configuration classes for test class [com.example.springbootfirst.SpringbootfirstApplicationTests]: SpringbootfirstApplicationTests does not declare any static, non-private, non-final, nested classes annotated with @Configuration.
21:25:29.841 [main] INFO org.springframework.boot.test.context.SpringBootTestContextBootstrapper -- Found @SpringBootConfiguration com.example.springbootfirst.SpringbootfirstApplication for test class com.example.springbootfirst.SpringbootfirstApplicationTests

  .   ____          _            __ _ _
 /\\ / ___'_ __ _ _(_)_ __  __ _ \ \ \ \
( ( )\___ | '_ | '_| | '_ \/ _` | \ \ \ \
 \\/  ___)| |_)| | | | | || (_| |  ) ) ) )
  '  |____| .__|_| |_|_| |_\__, | / / / /
 =========|_|==============|___/=/_/_/_/

 :: Spring Boot ::                (v3.5.3)

2025-07-14T21:25:30.304+05:30  INFO 15224 --- [springbootfirst] [           main] c.e.s.SpringbootfirstApplicationTests    : Starting SpringbootfirstApplicationTests using Java 21.0.5 with PID 15224 (started by vikas in E:\SpringBootIntern\Day10\springbootfirst)
2025-07-14T21:25:30.305+05:30  INFO 15224 --- [springbootfirst] [           main] c.e.s.SpringbootfirstApplicationTests    : No active profile set, falling back to 1 default profile: "default"
2025-07-14T21:25:31.285+05:30  INFO 15224 --- [springbootfirst] [           main] .s.d.r.c.RepositoryConfigurationDelegate : Multiple Spring Data modules found, entering strict repository configuration mode
2025-07-14T21:25:31.287+05:30  INFO 15224 --- [springbootfirst] [           main] .s.d.r.c.RepositoryConfigurationDelegate : Bootstrapping Spring Data JDBC repositories in DEFAULT mode.
2025-07-14T21:25:31.336+05:30  INFO 15224 --- [springbootfirst] [           main] .RepositoryConfigurationExtensionSupport : Spring Data JDBC - Could not safely identify store assignment for repository candidate interface com.example.springbootfirst.repository.RegisterDetailsRepository; If you want this repository to be a JDBC repository, consider annotating your entities with one of these annotations: org.springframework.data.relational.core.mapping.Table.
2025-07-14T21:25:31.339+05:30  INFO 15224 --- [springbootfirst] [           main] .RepositoryConfigurationExtensionSupport : Spring Data JDBC - Could not safely identify store assignment for repository candidate interface com.example.springbootfirst.repository.RolesRepository; If you want this repository to be a JDBC repository, consider annotating your entities with one of these annotations: org.springframework.data.relational.core.mapping.Table.
2025-07-14T21:25:31.340+05:30  INFO 15224 --- [springbootfirst] [           main] .s.d.r.c.RepositoryConfigurationDelegate : Finished Spring Data repository scanning in 47 ms. Found 0 JDBC repository interfaces.
2025-07-14T21:25:31.354+05:30  INFO 15224 --- [springbootfirst] [           main] .s.d.r.c.RepositoryConfigurationDelegate : Multiple Spring Data modules found, entering strict repository configuration mode
2025-07-14T21:25:31.355+05:30  INFO 15224 --- [springbootfirst] [           main] .s.d.r.c.RepositoryConfigurationDelegate : Bootstrapping Spring Data JPA repositories in DEFAULT mode.
2025-07-14T21:25:31.395+05:30  INFO 15224 --- [springbootfirst] [           main] .s.d.r.c.RepositoryConfigurationDelegate : Finished Spring Data repository scanning in 35 ms. Found 2 JPA repository interfaces.
2025-07-14T21:25:32.203+05:30  INFO 15224 --- [springbootfirst] [           main] o.hibernate.jpa.internal.util.LogHelper  : HHH000204: Processing PersistenceUnitInfo [name: default]
2025-07-14T21:25:32.319+05:30  INFO 15224 --- [springbootfirst] [           main] org.hibernate.Version                    : HHH000412: Hibernate ORM core version 6.6.18.Final
2025-07-14T21:25:32.382+05:30  INFO 15224 --- [springbootfirst] [           main] o.h.c.internal.RegionFactoryInitiator    : HHH000026: Second-level cache disabled
2025-07-14T21:25:32.793+05:30  INFO 15224 --- [springbootfirst] [           main] o.s.o.j.p.SpringPersistenceUnitInfo      : No LoadTimeWeaver setup: ignoring JPA class transformer
2025-07-14T21:25:32.842+05:30  INFO 15224 --- [springbootfirst] [           main] com.zaxxer.hikari.HikariDataSource       : HikariPool-1 - Starting...
2025-07-14T21:25:33.307+05:30  INFO 15224 --- [springbootfirst] [           main] com.zaxxer.hikari.pool.HikariPool        : HikariPool-1 - Added connection com.mysql.cj.jdbc.ConnectionImpl@4119346d
2025-07-14T21:25:33.310+05:30  INFO 15224 --- [springbootfirst] [           main] com.zaxxer.hikari.HikariDataSource       : HikariPool-1 - Start completed.
2025-07-14T21:25:33.361+05:30  WARN 15224 --- [springbootfirst] [           main] org.hibernate.orm.deprecation            : HHH90000025: MySQL8Dialect does not need to be specified explicitly using 'hibernate.dialect' (remove the property setting and it will be selected by default)
2025-07-14T21:25:33.363+05:30  WARN 15224 --- [springbootfirst] [           main] org.hibernate.orm.deprecation            : HHH90000026: MySQL8Dialect has been deprecated; use org.hibernate.dialect.MySQLDialect instead
2025-07-14T21:25:33.382+05:30  INFO 15224 --- [springbootfirst] [           main] org.hibernate.orm.connections.pooling    : HHH10001005: Database info:
	Database JDBC URL [Connecting through datasource 'HikariDataSource (HikariPool-1)']
	Database driver: undefined/unknown
	Database version: 8.0
	Autocommit mode: undefined/unknown
	Isolation level: undefined/unknown
	Minimum pool size: undefined/unknown
	Maximum pool size: undefined/unknown
2025-07-14T21:25:34.356+05:30  INFO 15224 --- [springbootfirst] [           main] o.h.e.t.j.p.i.JtaPlatformInitiator       : HHH000489: No JTA platform available (set 'hibernate.transaction.jta.platform' to enable JTA platform integration)
2025-07-14T21:25:34.483+05:30  INFO 15224 --- [springbootfirst] [           main] j.LocalContainerEntityManagerFactoryBean : Initialized JPA EntityManagerFactory for persistence unit 'default'
2025-07-14T21:25:35.001+05:30  INFO 15224 --- [springbootfirst] [           main] r$InitializeUserDetailsManagerConfigurer : Global AuthenticationManager configured with UserDetailsService bean with name customUserDetailsService
2025-07-14T21:25:35.141+05:30  WARN 15224 --- [springbootfirst] [           main] JpaBaseConfiguration$JpaWebConfiguration : spring.jpa.open-in-view is enabled by default. Therefore, database queries may be performed during view rendering. Explicitly configure spring.jpa.open-in-view to disable this warning
2025-07-14T21:25:36.215+05:30  INFO 15224 --- [springbootfirst] [           main] c.e.s.SpringbootfirstApplicationTests    : Started SpringbootfirstApplicationTests in 6.228 seconds (process running for 7.59)
]]></system-out>
    <system-err><![CDATA[Mockito is currently self-attaching to enable the inline-mock-maker. This will no longer work in future releases of the JDK. Please add Mockito as an agent to your build as described in Mockito's documentation: https://javadoc.io/doc/org.mockito/mockito-core/latest/org.mockito/org/mockito/Mockito.html#0.3
WARNING: A Java agent has been loaded dynamically (C:\Users\vikas\.m2\repository\net\bytebuddy\byte-buddy-agent\1.17.6\byte-buddy-agent-1.17.6.jar)
WARNING: If a serviceability tool is in use, please run with -XX:+EnableDynamicAgentLoading to hide this warning
WARNING: If a serviceability tool is not in use, please run with -Djdk.instrument.traceUsage for more information
WARNING: Dynamic loading of agents will be disallowed by default in a future release
]]></system-err>
  </testcase>
</testsuite>